[2018-05-03 21:32:57] [main] INFO  o.s.t.c.s.AbstractContextLoader - Could not detect default resource locations for test class [com.test.sampleapp.integration.CucumberRoot]: no resource found for suffixes {-context.xml, Context.groovy}.
[2018-05-03 21:32:57] [main] INFO  o.s.b.t.c.SpringBootTestContextBootstrapper - Loaded default TestExecutionListener class names from location [META-INF/spring.factories]: [org.springframework.boot.test.mock.mockito.MockitoTestExecutionListener, org.springframework.boot.test.mock.mockito.ResetMocksTestExecutionListener, org.springframework.boot.test.autoconfigure.restdocs.RestDocsTestExecutionListener, org.springframework.boot.test.autoconfigure.web.client.MockRestServiceServerResetTestExecutionListener, org.springframework.boot.test.autoconfigure.web.servlet.MockMvcPrintOnlyOnFailureTestExecutionListener, org.springframework.boot.test.autoconfigure.web.servlet.WebDriverTestExecutionListener, org.springframework.test.context.web.ServletTestExecutionListener, org.springframework.test.context.support.DirtiesContextBeforeModesTestExecutionListener, org.springframework.test.context.support.DependencyInjectionTestExecutionListener, org.springframework.test.context.support.DirtiesContextTestExecutionListener, org.springframework.test.context.transaction.TransactionalTestExecutionListener, org.springframework.test.context.jdbc.SqlScriptsTestExecutionListener]
[2018-05-03 21:32:57] [main] INFO  o.s.b.t.c.SpringBootTestContextBootstrapper - Using TestExecutionListeners: [org.springframework.test.context.web.ServletTestExecutionListener@35a3d49f, org.springframework.test.context.support.DirtiesContextBeforeModesTestExecutionListener@389b0789, org.springframework.boot.test.autoconfigure.SpringBootDependencyInjectionTestExecutionListener@13d9cbf5, org.springframework.test.context.support.DirtiesContextTestExecutionListener@478db956, org.springframework.test.context.transaction.TransactionalTestExecutionListener@6ca18a14, org.springframework.test.context.jdbc.SqlScriptsTestExecutionListener@c667f46, org.springframework.boot.test.autoconfigure.web.servlet.WebDriverTestExecutionListener@51bd8b5c, org.springframework.boot.test.mock.mockito.ResetMocksTestExecutionListener@7b50df34, org.springframework.boot.test.autoconfigure.web.client.MockRestServiceServerResetTestExecutionListener@1b410b60, org.springframework.boot.test.mock.mockito.MockitoTestExecutionListener@2462cb01, org.springframework.boot.test.autoconfigure.restdocs.RestDocsTestExecutionListener@19b843ba, org.springframework.boot.test.autoconfigure.web.servlet.MockMvcPrintOnlyOnFailureTestExecutionListener@64ec96c6]
[2018-05-03 21:32:58] [main] INFO  o.s.c.a.AnnotationConfigApplicationContext - Refreshing org.springframework.context.annotation.AnnotationConfigApplicationContext@5b40ceb: startup date [Thu May 03 21:32:58 EET 2018]; root of context hierarchy
[2018-05-03 21:32:58] [background-preinit] INFO  o.h.validator.internal.util.Version - HV000001: Hibernate Validator 5.3.5.Final
[2018-05-03 21:32:58] [main] INFO  o.s.c.s.PostProcessorRegistrationDelegate$BeanPostProcessorChecker - Bean 'org.springframework.retry.annotation.RetryConfiguration' of type [org.springframework.retry.annotation.RetryConfiguration$$EnhancerBySpringCGLIB$$6d6f4ed3] is not eligible for getting processed by all BeanPostProcessors (for example: not eligible for auto-proxying)
[2018-05-03 21:32:58] [main] INFO  o.s.c.s.PostProcessorRegistrationDelegate$BeanPostProcessorChecker - Bean 'configurationPropertiesRebinderAutoConfiguration' of type [org.springframework.cloud.autoconfigure.ConfigurationPropertiesRebinderAutoConfiguration$$EnhancerBySpringCGLIB$$93c5b9ab] is not eligible for getting processed by all BeanPostProcessors (for example: not eligible for auto-proxying)
[2018-05-03 21:33:04] [main] INFO  o.s.c.a.AnnotationConfigApplicationContext - Refreshing org.springframework.context.annotation.AnnotationConfigApplicationContext@2b0dc227: startup date [Thu May 03 21:33:04 EET 2018]; root of context hierarchy
[2018-05-03 21:33:04] [main] INFO  o.s.c.c.s.e.NativeEnvironmentRepository - Adding property source: file:/C:/Users/z003rn5c/AppData/Local/Temp/config-repo-6755696260305763383/Application.yml
[2018-05-03 21:33:04] [main] INFO  o.s.c.c.s.e.NativeEnvironmentRepository - Adding property source: file:/C:/Users/z003rn5c/AppData/Local/Temp/config-repo-6755696260305763383/application.yml
[2018-05-03 21:33:04] [main] INFO  o.s.c.a.AnnotationConfigApplicationContext - Closing org.springframework.context.annotation.AnnotationConfigApplicationContext@2b0dc227: startup date [Thu May 03 21:33:04 EET 2018]; root of context hierarchy
[2018-05-03 21:33:04] [main] INFO  o.s.c.b.c.PropertySourceBootstrapConfiguration - Located property source: CompositePropertySource [name='configService', propertySources=[MapPropertySource [name='https://github.com/Romeh/config.git/Application.yml'], MapPropertySource [name='https://github.com/Romeh/config.git/application.yml']]]
[2018-05-03 21:33:04] [main] INFO  c.t.s.integration.GetVersionStep - The following profiles are active: INTEGRATION_TEST
[2018-05-03 21:33:04] [main] INFO  o.s.b.c.e.AnnotationConfigEmbeddedWebApplicationContext - Refreshing org.springframework.boot.context.embedded.AnnotationConfigEmbeddedWebApplicationContext@228cea97: startup date [Thu May 03 21:33:04 EET 2018]; parent: org.springframework.context.annotation.AnnotationConfigApplicationContext@5b40ceb
[2018-05-03 21:33:05] [main] INFO  o.s.cloud.context.scope.GenericScope - BeanFactory id=37d11412-9230-35f6-9fd9-85d788fefce7
[2018-05-03 21:33:05] [main] INFO  o.s.c.s.PostProcessorRegistrationDelegate$BeanPostProcessorChecker - Bean 'org.springframework.retry.annotation.RetryConfiguration' of type [org.springframework.retry.annotation.RetryConfiguration$$EnhancerBySpringCGLIB$$6d6f4ed3] is not eligible for getting processed by all BeanPostProcessors (for example: not eligible for auto-proxying)
[2018-05-03 21:33:05] [main] INFO  o.s.c.s.PostProcessorRegistrationDelegate$BeanPostProcessorChecker - Bean 'org.springframework.transaction.annotation.ProxyTransactionManagementConfiguration' of type [org.springframework.transaction.annotation.ProxyTransactionManagementConfiguration$$EnhancerBySpringCGLIB$$77abb6ae] is not eligible for getting processed by all BeanPostProcessors (for example: not eligible for auto-proxying)
[2018-05-03 21:33:05] [main] INFO  o.s.c.s.PostProcessorRegistrationDelegate$BeanPostProcessorChecker - Bean 'org.springframework.cloud.autoconfigure.ConfigurationPropertiesRebinderAutoConfiguration' of type [org.springframework.cloud.autoconfigure.ConfigurationPropertiesRebinderAutoConfiguration$$EnhancerBySpringCGLIB$$93c5b9ab] is not eligible for getting processed by all BeanPostProcessors (for example: not eligible for auto-proxying)
[2018-05-03 21:33:05] [main] INFO  o.s.b.c.e.t.TomcatEmbeddedServletContainer - Tomcat initialized with port(s): 0 (http)
[2018-05-03 21:33:05] [main] INFO  o.a.catalina.core.StandardService - Starting service [Tomcat]
[2018-05-03 21:33:05] [main] INFO  o.a.catalina.core.StandardEngine - Starting Servlet Engine: Apache Tomcat/8.5.16
[2018-05-03 21:33:05] [localhost-startStop-1] INFO  o.a.c.c.C.[Tomcat].[localhost].[/] - Initializing Spring embedded WebApplicationContext
[2018-05-03 21:33:05] [localhost-startStop-1] INFO  o.s.web.context.ContextLoader - Root WebApplicationContext: initialization completed in 1716 ms
[2018-05-03 21:33:06] [localhost-startStop-1] INFO  o.s.b.w.s.ServletRegistrationBean - Mapping servlet: 'dispatcherServlet' to [/]
[2018-05-03 21:33:06] [localhost-startStop-1] INFO  o.s.b.w.s.FilterRegistrationBean - Mapping filter: 'metricsFilter' to: [/*]
[2018-05-03 21:33:06] [localhost-startStop-1] INFO  o.s.b.w.s.FilterRegistrationBean - Mapping filter: 'characterEncodingFilter' to: [/*]
[2018-05-03 21:33:06] [localhost-startStop-1] INFO  o.s.b.w.s.FilterRegistrationBean - Mapping filter: 'hiddenHttpMethodFilter' to: [/*]
[2018-05-03 21:33:06] [localhost-startStop-1] INFO  o.s.b.w.s.FilterRegistrationBean - Mapping filter: 'httpPutFormContentFilter' to: [/*]
[2018-05-03 21:33:06] [localhost-startStop-1] INFO  o.s.b.w.s.FilterRegistrationBean - Mapping filter: 'requestContextFilter' to: [/*]
[2018-05-03 21:33:06] [localhost-startStop-1] INFO  o.s.b.w.s.FilterRegistrationBean - Mapping filter: 'webRequestLoggingFilter' to: [/*]
[2018-05-03 21:33:06] [localhost-startStop-1] INFO  o.s.b.w.s.FilterRegistrationBean - Mapping filter: 'applicationContextIdFilter' to: [/*]
[2018-05-03 21:33:06] [main] WARN  o.a.tomcat.jdbc.pool.ConnectionPool - maxIdle is larger than maxActive, setting maxIdle to: 10
[2018-05-03 21:33:06] [main] INFO  o.s.o.j.LocalContainerEntityManagerFactoryBean - Building JPA container EntityManagerFactory for persistence unit 'default'
[2018-05-03 21:33:06] [main] INFO  o.h.jpa.internal.util.LogHelper - HHH000204: Processing PersistenceUnitInfo [
	name: default
	...]
[2018-05-03 21:33:06] [main] INFO  org.hibernate.Version - HHH000412: Hibernate Core {5.0.12.Final}
[2018-05-03 21:33:06] [main] INFO  org.hibernate.cfg.Environment - HHH000206: hibernate.properties not found
[2018-05-03 21:33:06] [main] INFO  org.hibernate.cfg.Environment - HHH000021: Bytecode provider name : javassist
[2018-05-03 21:33:06] [main] INFO  o.h.annotations.common.Version - HCANN000001: Hibernate Commons Annotations {5.0.1.Final}
[2018-05-03 21:33:06] [main] INFO  org.hibernate.dialect.Dialect - HHH000400: Using dialect: org.hibernate.dialect.H2Dialect
[2018-05-03 21:33:07] [main] INFO  o.h.tool.hbm2ddl.SchemaUpdate - HHH000228: Running hbm2ddl schema update
[2018-05-03 21:33:07] [main] INFO  o.h.t.s.e.i.InformationExtractorJdbcDatabaseMetaDataImpl - HHH000262: Table not found: application_item_application_content
[2018-05-03 21:33:07] [main] INFO  o.h.t.s.e.i.InformationExtractorJdbcDatabaseMetaDataImpl - HHH000262: Table not found: application_item_application_content
[2018-05-03 21:33:07] [main] INFO  o.h.t.s.e.i.InformationExtractorJdbcDatabaseMetaDataImpl - HHH000262: Table not found: applications
[2018-05-03 21:33:07] [main] INFO  o.h.t.s.e.i.InformationExtractorJdbcDatabaseMetaDataImpl - HHH000262: Table not found: applications
[2018-05-03 21:33:07] [main] INFO  o.s.o.j.LocalContainerEntityManagerFactoryBean - Initialized JPA EntityManagerFactory for persistence unit 'default'
[2018-05-03 21:33:08] [main] INFO  o.s.w.s.m.m.a.RequestMappingHandlerMapping - Mapped "{[/application/version],methods=[GET]}" onto public java.lang.String com.test.sampleapp.web.ApplicationController.getVersion()
[2018-05-03 21:33:09] [main] INFO  o.s.w.s.m.m.a.RequestMappingHandlerMapping - Mapped "{[/application],methods=[POST],produces=[application/json]}" onto public void com.test.sampleapp.web.ApplicationController.createAlert(com.test.sampleapp.web.dto.ApplicationEntry)
[2018-05-03 21:33:09] [main] INFO  o.s.w.s.m.m.a.RequestMappingHandlerMapping - Mapped "{[/application],methods=[GET],produces=[application/json]}" onto public java.util.List<com.test.sampleapp.web.dto.ApplicationEntry> com.test.sampleapp.web.ApplicationController.getAllAlerts()
[2018-05-03 21:33:09] [main] INFO  o.s.w.s.m.m.a.RequestMappingHandlerMapping - Mapped "{[/swagger-resources]}" onto public org.springframework.http.ResponseEntity<java.util.List<springfox.documentation.swagger.web.SwaggerResource>> springfox.documentation.swagger.web.ApiResourceController.swaggerResources()
[2018-05-03 21:33:09] [main] INFO  o.s.w.s.m.m.a.RequestMappingHandlerMapping - Mapped "{[/swagger-resources/configuration/ui]}" onto public org.springframework.http.ResponseEntity<springfox.documentation.swagger.web.UiConfiguration> springfox.documentation.swagger.web.ApiResourceController.uiConfiguration()
[2018-05-03 21:33:09] [main] INFO  o.s.w.s.m.m.a.RequestMappingHandlerMapping - Mapped "{[/swagger-resources/configuration/security]}" onto public org.springframework.http.ResponseEntity<springfox.documentation.swagger.web.SecurityConfiguration> springfox.documentation.swagger.web.ApiResourceController.securityConfiguration()
[2018-05-03 21:33:09] [main] INFO  o.s.w.s.m.m.a.RequestMappingHandlerMapping - Mapped "{[/error]}" onto public org.springframework.http.ResponseEntity<java.util.Map<java.lang.String, java.lang.Object>> org.springframework.boot.autoconfigure.web.BasicErrorController.error(javax.servlet.http.HttpServletRequest)
[2018-05-03 21:33:09] [main] INFO  o.s.w.s.m.m.a.RequestMappingHandlerMapping - Mapped "{[/error],produces=[text/html]}" onto public org.springframework.web.servlet.ModelAndView org.springframework.boot.autoconfigure.web.BasicErrorController.errorHtml(javax.servlet.http.HttpServletRequest,javax.servlet.http.HttpServletResponse)
[2018-05-03 21:33:09] [main] INFO  o.s.b.a.e.mvc.EndpointHandlerMapping - Mapped "{[/autoconfig || /autoconfig.json],methods=[GET],produces=[application/vnd.spring-boot.actuator.v1+json || application/json]}" onto public java.lang.Object org.springframework.boot.actuate.endpoint.mvc.EndpointMvcAdapter.invoke()
[2018-05-03 21:33:09] [main] INFO  o.s.b.a.e.mvc.EndpointHandlerMapping - Mapped "{[/health || /health.json],methods=[GET],produces=[application/vnd.spring-boot.actuator.v1+json || application/json]}" onto public java.lang.Object org.springframework.boot.actuate.endpoint.mvc.HealthMvcEndpoint.invoke(javax.servlet.http.HttpServletRequest,java.security.Principal)
[2018-05-03 21:33:09] [main] INFO  o.s.b.a.e.mvc.EndpointHandlerMapping - Mapped "{[/refresh || /refresh.json],methods=[POST]}" onto public java.lang.Object org.springframework.cloud.endpoint.GenericPostableMvcEndpoint.invoke()
[2018-05-03 21:33:09] [main] INFO  o.s.b.a.e.mvc.EndpointHandlerMapping - Mapped "{[/info || /info.json],methods=[GET],produces=[application/vnd.spring-boot.actuator.v1+json || application/json]}" onto public java.lang.Object org.springframework.boot.actuate.endpoint.mvc.EndpointMvcAdapter.invoke()
[2018-05-03 21:33:09] [main] INFO  o.s.b.a.e.mvc.EndpointHandlerMapping - Mapped "{[/dump || /dump.json],methods=[GET],produces=[application/vnd.spring-boot.actuator.v1+json || application/json]}" onto public java.lang.Object org.springframework.boot.actuate.endpoint.mvc.EndpointMvcAdapter.invoke()
[2018-05-03 21:33:09] [main] INFO  o.s.b.a.e.mvc.EndpointHandlerMapping - Mapped "{[/resume || /resume.json],methods=[POST]}" onto public java.lang.Object org.springframework.cloud.endpoint.GenericPostableMvcEndpoint.invoke()
[2018-05-03 21:33:09] [main] INFO  o.s.b.a.e.mvc.EndpointHandlerMapping - Mapped "{[/restart || /restart.json],methods=[POST]}" onto public java.lang.Object org.springframework.cloud.context.restart.RestartMvcEndpoint.invoke()
[2018-05-03 21:33:09] [main] INFO  o.s.b.a.e.mvc.EndpointHandlerMapping - Mapped "{[/mappings || /mappings.json],methods=[GET],produces=[application/vnd.spring-boot.actuator.v1+json || application/json]}" onto public java.lang.Object org.springframework.boot.actuate.endpoint.mvc.EndpointMvcAdapter.invoke()
[2018-05-03 21:33:09] [main] INFO  o.s.b.a.e.mvc.EndpointHandlerMapping - Mapped "{[/heapdump || /heapdump.json],methods=[GET],produces=[application/octet-stream]}" onto public void org.springframework.boot.actuate.endpoint.mvc.HeapdumpMvcEndpoint.invoke(boolean,javax.servlet.http.HttpServletRequest,javax.servlet.http.HttpServletResponse) throws java.io.IOException,javax.servlet.ServletException
[2018-05-03 21:33:09] [main] INFO  o.s.b.a.e.mvc.EndpointHandlerMapping - Mapped "{[/trace || /trace.json],methods=[GET],produces=[application/vnd.spring-boot.actuator.v1+json || application/json]}" onto public java.lang.Object org.springframework.boot.actuate.endpoint.mvc.EndpointMvcAdapter.invoke()
[2018-05-03 21:33:09] [main] INFO  o.s.b.a.e.mvc.EndpointHandlerMapping - Mapped "{[/features || /features.json],methods=[GET],produces=[application/vnd.spring-boot.actuator.v1+json || application/json]}" onto public java.lang.Object org.springframework.boot.actuate.endpoint.mvc.EndpointMvcAdapter.invoke()
[2018-05-03 21:33:09] [main] INFO  o.s.b.a.e.mvc.EndpointHandlerMapping - Mapped "{[/configprops || /configprops.json],methods=[GET],produces=[application/vnd.spring-boot.actuator.v1+json || application/json]}" onto public java.lang.Object org.springframework.boot.actuate.endpoint.mvc.EndpointMvcAdapter.invoke()
[2018-05-03 21:33:09] [main] INFO  o.s.b.a.e.mvc.EndpointHandlerMapping - Mapped "{[/beans || /beans.json],methods=[GET],produces=[application/vnd.spring-boot.actuator.v1+json || application/json]}" onto public java.lang.Object org.springframework.boot.actuate.endpoint.mvc.EndpointMvcAdapter.invoke()
[2018-05-03 21:33:09] [main] INFO  o.s.b.a.e.mvc.EndpointHandlerMapping - Mapped "{[/pause || /pause.json],methods=[POST]}" onto public java.lang.Object org.springframework.cloud.endpoint.GenericPostableMvcEndpoint.invoke()
[2018-05-03 21:33:09] [main] INFO  o.s.b.a.e.mvc.EndpointHandlerMapping - Mapped "{[/metrics/{name:.*}],methods=[GET],produces=[application/vnd.spring-boot.actuator.v1+json || application/json]}" onto public java.lang.Object org.springframework.boot.actuate.endpoint.mvc.MetricsMvcEndpoint.value(java.lang.String)
[2018-05-03 21:33:09] [main] INFO  o.s.b.a.e.mvc.EndpointHandlerMapping - Mapped "{[/metrics || /metrics.json],methods=[GET],produces=[application/vnd.spring-boot.actuator.v1+json || application/json]}" onto public java.lang.Object org.springframework.boot.actuate.endpoint.mvc.EndpointMvcAdapter.invoke()
[2018-05-03 21:33:09] [main] INFO  o.s.b.a.e.mvc.EndpointHandlerMapping - Mapped "{[/auditevents || /auditevents.json],methods=[GET],produces=[application/vnd.spring-boot.actuator.v1+json || application/json]}" onto public org.springframework.http.ResponseEntity<?> org.springframework.boot.actuate.endpoint.mvc.AuditEventsMvcEndpoint.findByPrincipalAndAfterAndType(java.lang.String,java.util.Date,java.lang.String)
[2018-05-03 21:33:09] [main] INFO  o.s.b.a.e.mvc.EndpointHandlerMapping - Mapped "{[/env/{name:.*}],methods=[GET],produces=[application/vnd.spring-boot.actuator.v1+json || application/json]}" onto public java.lang.Object org.springframework.boot.actuate.endpoint.mvc.EnvironmentMvcEndpoint.value(java.lang.String)
[2018-05-03 21:33:09] [main] INFO  o.s.b.a.e.mvc.EndpointHandlerMapping - Mapped "{[/env || /env.json],methods=[GET],produces=[application/vnd.spring-boot.actuator.v1+json || application/json]}" onto public java.lang.Object org.springframework.boot.actuate.endpoint.mvc.EndpointMvcAdapter.invoke()
[2018-05-03 21:33:09] [main] INFO  o.s.b.a.e.mvc.EndpointHandlerMapping - Mapped "{[/loggers/{name:.*}],methods=[GET],produces=[application/vnd.spring-boot.actuator.v1+json || application/json]}" onto public java.lang.Object org.springframework.boot.actuate.endpoint.mvc.LoggersMvcEndpoint.get(java.lang.String)
[2018-05-03 21:33:09] [main] INFO  o.s.b.a.e.mvc.EndpointHandlerMapping - Mapped "{[/loggers/{name:.*}],methods=[POST],consumes=[application/vnd.spring-boot.actuator.v1+json || application/json],produces=[application/vnd.spring-boot.actuator.v1+json || application/json]}" onto public java.lang.Object org.springframework.boot.actuate.endpoint.mvc.LoggersMvcEndpoint.set(java.lang.String,java.util.Map<java.lang.String, java.lang.String>)
[2018-05-03 21:33:09] [main] INFO  o.s.b.a.e.mvc.EndpointHandlerMapping - Mapped "{[/loggers || /loggers.json],methods=[GET],produces=[application/vnd.spring-boot.actuator.v1+json || application/json]}" onto public java.lang.Object org.springframework.boot.actuate.endpoint.mvc.EndpointMvcAdapter.invoke()
[2018-05-03 21:33:09] [main] INFO  o.s.b.a.e.mvc.EndpointHandlerMapping - Mapped "{[/env],methods=[POST]}" onto public java.lang.Object org.springframework.cloud.context.environment.EnvironmentManagerMvcEndpoint.value(java.util.Map<java.lang.String, java.lang.String>)
[2018-05-03 21:33:09] [main] INFO  o.s.b.a.e.mvc.EndpointHandlerMapping - Mapped "{[/env/reset],methods=[POST]}" onto public java.util.Map<java.lang.String, java.lang.Object> org.springframework.cloud.context.environment.EnvironmentManagerMvcEndpoint.reset()
[2018-05-03 21:33:09] [main] INFO  s.d.s.w.PropertySourcedRequestMappingHandlerMapping - Mapped URL path [/v2/api-docs] onto method [public org.springframework.http.ResponseEntity<springfox.documentation.spring.web.json.Json> springfox.documentation.swagger2.web.Swagger2Controller.getDocumentation(java.lang.String,javax.servlet.http.HttpServletRequest)]
[2018-05-03 21:33:09] [main] INFO  o.s.w.s.m.m.a.RequestMappingHandlerAdapter - Looking for @ControllerAdvice: org.springframework.boot.context.embedded.AnnotationConfigEmbeddedWebApplicationContext@228cea97: startup date [Thu May 03 21:33:04 EET 2018]; parent: org.springframework.context.annotation.AnnotationConfigApplicationContext@5b40ceb
[2018-05-03 21:33:09] [main] INFO  o.s.w.s.h.SimpleUrlHandlerMapping - Mapped URL path [/webjars/**] onto handler of type [class org.springframework.web.servlet.resource.ResourceHttpRequestHandler]
[2018-05-03 21:33:09] [main] INFO  o.s.w.s.h.SimpleUrlHandlerMapping - Mapped URL path [/**] onto handler of type [class org.springframework.web.servlet.resource.ResourceHttpRequestHandler]
[2018-05-03 21:33:09] [main] INFO  o.s.w.s.m.m.a.ExceptionHandlerExceptionResolver - Detected @ExceptionHandler methods in errorHandler
[2018-05-03 21:33:09] [main] INFO  o.s.w.s.h.SimpleUrlHandlerMapping - Mapped URL path [/**/favicon.ico] onto handler of type [class org.springframework.web.servlet.resource.ResourceHttpRequestHandler]
[2018-05-03 21:33:10] [main] INFO  o.s.c.s.DefaultLifecycleProcessor - Starting beans in phase 2147483647
[2018-05-03 21:33:10] [main] INFO  s.d.s.w.p.DocumentationPluginsBootstrapper - Context refreshed
[2018-05-03 21:33:10] [main] INFO  s.d.s.w.p.DocumentationPluginsBootstrapper - Found 1 custom documentation plugin(s)
[2018-05-03 21:33:10] [main] INFO  s.d.s.w.s.ApiListingReferenceScanner - Scanning for api listing references
[2018-05-03 21:33:10] [main] INFO  s.d.s.w.r.o.CachingOperationNameGenerator - Generating unique operation named: findByPrincipalAndAfterAndTypeUsingGET_1
[2018-05-03 21:33:11] [main] INFO  s.d.s.w.r.o.CachingOperationNameGenerator - Generating unique operation named: invokeUsingGET_1
[2018-05-03 21:33:11] [main] INFO  s.d.s.w.r.o.CachingOperationNameGenerator - Generating unique operation named: invokeUsingGET_2
[2018-05-03 21:33:11] [main] INFO  s.d.s.w.r.o.CachingOperationNameGenerator - Generating unique operation named: invokeUsingGET_3
[2018-05-03 21:33:11] [main] INFO  s.d.s.w.r.o.CachingOperationNameGenerator - Generating unique operation named: invokeUsingGET_4
[2018-05-03 21:33:11] [main] INFO  s.d.s.w.r.o.CachingOperationNameGenerator - Generating unique operation named: invokeUsingGET_5
[2018-05-03 21:33:11] [main] INFO  s.d.s.w.r.o.CachingOperationNameGenerator - Generating unique operation named: invokeUsingGET_6
[2018-05-03 21:33:11] [main] INFO  s.d.s.w.r.o.CachingOperationNameGenerator - Generating unique operation named: invokeUsingGET_7
[2018-05-03 21:33:11] [main] INFO  s.d.s.w.r.o.CachingOperationNameGenerator - Generating unique operation named: invokeUsingGET_8
[2018-05-03 21:33:11] [main] INFO  s.d.s.w.r.o.CachingOperationNameGenerator - Generating unique operation named: invokeUsingGET_9
[2018-05-03 21:33:11] [main] INFO  s.d.s.w.r.o.CachingOperationNameGenerator - Generating unique operation named: invokeUsingGET_10
[2018-05-03 21:33:11] [main] INFO  s.d.s.w.r.o.CachingOperationNameGenerator - Generating unique operation named: invokeUsingGET_11
[2018-05-03 21:33:11] [main] INFO  s.d.s.w.r.o.CachingOperationNameGenerator - Generating unique operation named: invokeUsingGET_12
[2018-05-03 21:33:11] [main] INFO  s.d.s.w.r.o.CachingOperationNameGenerator - Generating unique operation named: invokeUsingGET_13
[2018-05-03 21:33:11] [main] INFO  s.d.s.w.r.o.CachingOperationNameGenerator - Generating unique operation named: invokeUsingGET_14
[2018-05-03 21:33:11] [main] INFO  s.d.s.w.r.o.CachingOperationNameGenerator - Generating unique operation named: invokeUsingGET_15
[2018-05-03 21:33:11] [main] INFO  s.d.s.w.r.o.CachingOperationNameGenerator - Generating unique operation named: invokeUsingGET_16
[2018-05-03 21:33:11] [main] INFO  s.d.s.w.r.o.CachingOperationNameGenerator - Generating unique operation named: invokeUsingGET_17
[2018-05-03 21:33:11] [main] INFO  s.d.s.w.r.o.CachingOperationNameGenerator - Generating unique operation named: invokeUsingPOST_1
[2018-05-03 21:33:11] [main] INFO  s.d.s.w.r.o.CachingOperationNameGenerator - Generating unique operation named: invokeUsingPOST_2
[2018-05-03 21:33:11] [main] INFO  s.d.s.w.r.o.CachingOperationNameGenerator - Generating unique operation named: invokeUsingPOST_3
[2018-05-03 21:33:11] [main] INFO  s.d.s.w.r.o.CachingOperationNameGenerator - Generating unique operation named: invokeUsingPOST_4
[2018-05-03 21:33:11] [main] INFO  s.d.s.w.r.o.CachingOperationNameGenerator - Generating unique operation named: invokeUsingPOST_5
[2018-05-03 21:33:11] [main] INFO  s.d.s.w.r.o.CachingOperationNameGenerator - Generating unique operation named: invokeUsingGET_18
[2018-05-03 21:33:11] [main] INFO  s.d.s.w.r.o.CachingOperationNameGenerator - Generating unique operation named: invokeUsingGET_19
[2018-05-03 21:33:11] [main] INFO  s.d.s.w.r.o.CachingOperationNameGenerator - Generating unique operation named: invokeUsingGET_20
[2018-05-03 21:33:11] [main] INFO  s.d.s.w.r.o.CachingOperationNameGenerator - Generating unique operation named: invokeUsingGET_21
[2018-05-03 21:33:11] [main] INFO  s.d.s.w.r.o.CachingOperationNameGenerator - Generating unique operation named: invokeUsingGET_22
[2018-05-03 21:33:11] [main] INFO  s.d.s.w.r.o.CachingOperationNameGenerator - Generating unique operation named: invokeUsingGET_23
[2018-05-03 21:33:11] [main] INFO  s.d.s.w.r.o.CachingOperationNameGenerator - Generating unique operation named: invokeUsingGET_24
[2018-05-03 21:33:11] [main] INFO  s.d.s.w.r.o.CachingOperationNameGenerator - Generating unique operation named: invokeUsingGET_25
[2018-05-03 21:33:11] [main] INFO  s.d.s.w.r.o.CachingOperationNameGenerator - Generating unique operation named: valueUsingGET_1
[2018-05-03 21:33:11] [main] INFO  s.d.s.w.r.o.CachingOperationNameGenerator - Generating unique operation named: invokeUsingPOST_6
[2018-05-03 21:33:11] [main] INFO  s.d.s.w.r.o.CachingOperationNameGenerator - Generating unique operation named: invokeUsingPOST_7
[2018-05-03 21:33:11] [main] INFO  o.s.s.a.ScheduledAnnotationBeanPostProcessor - No TaskScheduler/ScheduledExecutorService bean found for scheduled processing
[2018-05-03 21:33:11] [main] INFO  o.a.coyote.http11.Http11NioProtocol - Initializing ProtocolHandler ["http-nio-auto-1"]
[2018-05-03 21:33:11] [main] INFO  o.a.coyote.http11.Http11NioProtocol - Starting ProtocolHandler ["http-nio-auto-1"]
[2018-05-03 21:33:11] [main] INFO  o.a.tomcat.util.net.NioSelectorPool - Using a shared selector for servlet write/read
[2018-05-03 21:33:11] [main] INFO  o.s.b.c.e.t.TomcatEmbeddedServletContainer - Tomcat started on port(s): 63322 (http)
[2018-05-03 21:33:11] [main] INFO  c.t.s.integration.GetVersionStep - Started GetVersionStep in 13.319 seconds (JVM running for 14.603)
[2018-05-03 21:33:11] [http-nio-auto-1-exec-1] INFO  o.a.c.c.C.[Tomcat].[localhost].[/] - Initializing Spring FrameworkServlet 'dispatcherServlet'
[2018-05-03 21:33:11] [http-nio-auto-1-exec-1] INFO  o.s.web.servlet.DispatcherServlet - FrameworkServlet 'dispatcherServlet': initialization started
[2018-05-03 21:33:11] [http-nio-auto-1-exec-1] INFO  o.s.web.servlet.DispatcherServlet - FrameworkServlet 'dispatcherServlet': initialization completed in 32 ms
[2018-05-03 21:33:12] [http-nio-auto-1-exec-1] INFO  o.s.c.a.AnnotationConfigApplicationContext - Refreshing org.springframework.context.annotation.AnnotationConfigApplicationContext@7ae8779d: startup date [Thu May 03 21:33:12 EET 2018]; root of context hierarchy
[2018-05-03 21:33:12] [http-nio-auto-1-exec-1] INFO  o.s.c.c.s.e.NativeEnvironmentRepository - Adding property source: file:/C:/Users/z003rn5c/AppData/Local/Temp/config-repo-6755696260305763383/application.yml
[2018-05-03 21:33:12] [http-nio-auto-1-exec-1] INFO  o.s.c.a.AnnotationConfigApplicationContext - Closing org.springframework.context.annotation.AnnotationConfigApplicationContext@7ae8779d: startup date [Thu May 03 21:33:12 EET 2018]; root of context hierarchy
[2018-05-03 21:33:12] [main] INFO  o.s.t.c.s.AbstractContextLoader - Could not detect default resource locations for test class [com.test.sampleapp.integration.CucumberRoot]: no resource found for suffixes {-context.xml, Context.groovy}.
[2018-05-03 21:33:12] [main] INFO  o.s.b.t.c.SpringBootTestContextBootstrapper - Loaded default TestExecutionListener class names from location [META-INF/spring.factories]: [org.springframework.boot.test.mock.mockito.MockitoTestExecutionListener, org.springframework.boot.test.mock.mockito.ResetMocksTestExecutionListener, org.springframework.boot.test.autoconfigure.restdocs.RestDocsTestExecutionListener, org.springframework.boot.test.autoconfigure.web.client.MockRestServiceServerResetTestExecutionListener, org.springframework.boot.test.autoconfigure.web.servlet.MockMvcPrintOnlyOnFailureTestExecutionListener, org.springframework.boot.test.autoconfigure.web.servlet.WebDriverTestExecutionListener, org.springframework.test.context.web.ServletTestExecutionListener, org.springframework.test.context.support.DirtiesContextBeforeModesTestExecutionListener, org.springframework.test.context.support.DependencyInjectionTestExecutionListener, org.springframework.test.context.support.DirtiesContextTestExecutionListener, org.springframework.test.context.transaction.TransactionalTestExecutionListener, org.springframework.test.context.jdbc.SqlScriptsTestExecutionListener]
[2018-05-03 21:33:12] [main] INFO  o.s.b.t.c.SpringBootTestContextBootstrapper - Using TestExecutionListeners: [org.springframework.test.context.web.ServletTestExecutionListener@18b8518b, org.springframework.test.context.support.DirtiesContextBeforeModesTestExecutionListener@6960e7a6, org.springframework.boot.test.autoconfigure.SpringBootDependencyInjectionTestExecutionListener@63fe055, org.springframework.test.context.support.DirtiesContextTestExecutionListener@50572c04, org.springframework.test.context.transaction.TransactionalTestExecutionListener@ab90b8c, org.springframework.test.context.jdbc.SqlScriptsTestExecutionListener@640a80aa, org.springframework.boot.test.autoconfigure.web.servlet.WebDriverTestExecutionListener@1d4ee936, org.springframework.boot.test.mock.mockito.ResetMocksTestExecutionListener@7410c197, org.springframework.boot.test.autoconfigure.web.client.MockRestServiceServerResetTestExecutionListener@363751f2, org.springframework.boot.test.mock.mockito.MockitoTestExecutionListener@688884e, org.springframework.boot.test.autoconfigure.restdocs.RestDocsTestExecutionListener@6c65c6f0, org.springframework.boot.test.autoconfigure.web.servlet.MockMvcPrintOnlyOnFailureTestExecutionListener@1e0bae92]
[2018-05-03 21:33:12] [main] INFO  o.s.b.f.s.DefaultListableBeanFactory - Replacing scope 'cucumber-glue' from [cucumber.runtime.java.spring.GlueCodeScope@5037f491] to [cucumber.runtime.java.spring.GlueCodeScope@1227ea21]
[2018-05-03 21:33:12] [main] INFO  o.s.b.f.s.DefaultListableBeanFactory - Replacing scope 'cucumber-glue' from [cucumber.runtime.java.spring.GlueCodeScope@511ba9c9] to [cucumber.runtime.java.spring.GlueCodeScope@3debeb5e]
[2018-05-03 21:33:12] [Thread-14] INFO  o.s.b.c.e.AnnotationConfigEmbeddedWebApplicationContext - Closing org.springframework.boot.context.embedded.AnnotationConfigEmbeddedWebApplicationContext@228cea97: startup date [Thu May 03 21:33:04 EET 2018]; parent: org.springframework.context.annotation.AnnotationConfigApplicationContext@5b40ceb
[2018-05-03 21:33:12] [Thread-14] INFO  o.s.c.s.DefaultLifecycleProcessor - Stopping beans in phase 2147483647
[2018-05-03 21:33:12] [Thread-14] INFO  o.s.o.j.LocalContainerEntityManagerFactoryBean - Closing JPA EntityManagerFactory for persistence unit 'default'
